#
# A fatal error has been detected by the Java Runtime Environment:
#
#  SIGSEGV (0xb) at pc=0x00000001030ff5bf, pid=4883, tid=0x0000000000005203
#
# JRE version: OpenJDK Runtime Environment (8.0_265-b01) (build 1.8.0_265-b01)
# Java VM: OpenJDK 64-Bit Server VM (25.265-b01 mixed mode bsd-amd64 compressed oops)
# Problematic frame:
# V  [libjvm.dylib+0x4ff5bf]  SignatureIterator::expect(char)+0x27
#
# Failed to write core dump. Core dumps have been disabled. To enable core dumping, try "ulimit -c unlimited" before starting Java again
#
# If you would like to submit a bug report, please visit:
#   http://bugreport.java.com/bugreport/crash.jsp
#

---------------  T H R E A D  ---------------

Current thread (0x00007fb80b013800):  VMThread [stack: 0x00007000012a2000,0x00007000013a2000] [id=20995]

siginfo: si_signo: 11 (SIGSEGV), si_code: 1 (SEGV_MAPERR), si_addr: 0x0000000000000008

Registers:
RAX=0x0000000000000000, RBX=0x00007000013a1130, RCX=0x0000000000000000, RDX=0x0000000000000000
RSP=0x00007000013a0fd0, RBP=0x00007000013a10f0, RSI=0x0000000000000028, RDI=0x00007000013a1130
R8 =0x0000000000000053, R9 =0x00000000ffffffff, R10=0x0000000047000000, R11=0x0000000000000001
R12=0x00007000013a1130, R13=0x00007000013a17b8, R14=0x0000000000000000, R15=0x0000000000000053
RIP=0x00000001030ff5bf, EFLAGS=0x0000000000010202, ERR=0x0000000000000004
  TRAPNO=0x000000000000000e

Top of Stack: (sp=0x00007000013a0fd0)
0x00007000013a0fd0:   0000000000000000 00000006c0e7c300
0x00007000013a0fe0:   00007fb80a075000 00007000013a1020
0x00007000013a0ff0:   00007fb80a075000 00000006c0e9e6b8
0x00007000013a1000:   00000001032e0ed0 0000700002ef42b0
0x00007000013a1010:   000000010b8d7ef4 000000010b8d5310
0x00007000013a1020:   0000000000000000 0000000032aaaba2
0x00007000013a1030:   180eb26327db002f 0000000000000000
0x00007000013a1040:   00000000000000ff 00007000013a110e
0x00007000013a1050:   0000000000000100 0000000000000001
0x00007000013a1060:   00007000013a1210 00007fff69d76ee7
0x00007000013a1070:   00007fb80b00cc1e 000000d100000000
0x00007000013a1080:   00000000ffff0208 00007fb80b00cbf0
0x00007000013a1090:   00000000000000ff 0000000000000000
0x00007000013a10a0:   0000000000000000 0000000000000000
0x00007000013a10b0:   0000000000000000 0000000000000000
0x00007000013a10c0:   0000000000000000 0000000000000000
0x00007000013a10d0:   00007000013a10f0 180eb26327db002f
0x00007000013a10e0:   00007000013a1130 0000000000000000
0x00007000013a10f0:   00007000013a1120 00000001030ffb97
0x00007000013a1100:   00007000013a1570 00007000013a1130
0x00007000013a1110:   0000000000000000 0000000000000053
0x00007000013a1120:   00007000013a15b0 0000000102e69f97
0x00007000013a1130:   00000001032d1748 0000000000000000
0x00007000013a1140:   0000000000000000 000000000000000e
0x00007000013a1150:   00007000013a1570 0000700000000000
0x00007000013a1160:   000000004fffffff 0000000000000000
0x00007000013a1170:   0000000000000000 0000000000000000
0x00007000013a1180:   0000000000000000 0000000000000000
0x00007000013a1190:   0000000000000000 0000000000000000
0x00007000013a11a0:   0000000000000000 0000000000000000
0x00007000013a11b0:   0000000000000000 0000000000000000
0x00007000013a11c0:   0000000000000000 0000000000000000 

Instructions: (pc=0x00000001030ff5bf)
0x00000001030ff59f:   48 81 ec 10 01 00 00 48 89 fb 48 8b 05 38 be 14
0x00000001030ff5af:   00 48 8b 00 48 89 45 e8 48 8b 4f 08 48 63 47 10
0x00000001030ff5bf:   40 38 74 01 08 74 38 40 0f be d6 48 8d 35 ad a1
0x00000001030ff5cf:   10 00 4c 8d b5 e0 fe ff ff 31 c0 4c 89 f7 e8 6e 

Register to memory mapping:

RAX=0x0000000000000000 is an unknown value
RBX=0x00007000013a1130 is an unknown value
RCX=0x0000000000000000 is an unknown value
RDX=0x0000000000000000 is an unknown value
RSP=0x00007000013a0fd0 is an unknown value
RBP=0x00007000013a10f0 is an unknown value
RSI=0x0000000000000028 is an unknown value
RDI=0x00007000013a1130 is an unknown value
R8 =0x0000000000000053 is an unknown value
R9 =0x00000000ffffffff is an unknown value
R10=0x0000000047000000 is an unknown value
R11=0x0000000000000001 is an unknown value
R12=0x00007000013a1130 is an unknown value
R13=0x00007000013a17b8 is an unknown value
R14=0x0000000000000000 is an unknown value
R15=0x0000000000000053 is an unknown value


Stack: [0x00007000012a2000,0x00007000013a2000],  sp=0x00007000013a0fd0,  free space=1019k
Native frames: (J=compiled Java code, j=interpreted, Vv=VM code, C=native code)
V  [libjvm.dylib+0x4ff5bf]  SignatureIterator::expect(char)+0x27
V  [libjvm.dylib+0x4ffb97]  SignatureIterator::iterate_returntype()+0x1f
V  [libjvm.dylib+0x269f97]  GenerateOopMap::do_method(int, int, int, int)+0x77
V  [libjvm.dylib+0x268661]  GenerateOopMap::interp_bb(BasicBlock*)+0x185
V  [libjvm.dylib+0x2682ae]  GenerateOopMap::interp_all()+0x3c
V  [libjvm.dylib+0x267e77]  GenerateOopMap::do_interpretation()+0x4b
V  [libjvm.dylib+0x26a8c0]  GenerateOopMap::compute_map(Thread*)+0x238
V  [libjvm.dylib+0x48219b]  OopMapForCacheEntry::compute_map(Thread*)+0x7f
V  [libjvm.dylib+0x482a3e]  OopMapCacheEntry::fill(methodHandle, int)+0x186
V  [libjvm.dylib+0x4835f6]  OopMapCache::compute_one_oop_map(methodHandle, int, InterpreterOopMap*)+0x166
V  [libjvm.dylib+0x4832ce]  OopMapCache::lookup(methodHandle, int, InterpreterOopMap*) const+0x344
V  [libjvm.dylib+0x298819]  InstanceKlass::mask_for(methodHandle, int, InterpreterOopMap*)+0xd3
V  [libjvm.dylib+0x44a661]  Method::mask_for(int, InterpreterOopMap*)+0xb3
V  [libjvm.dylib+0x398297]  VM_GetOrSetLocal::doit()+0x47
V  [libjvm.dylib+0x5a64c2]  VM_Operation::evaluate()+0x46
V  [libjvm.dylib+0x5a5e10]  VMThread::evaluate_operation(VM_Operation*)+0x142
V  [libjvm.dylib+0x5a5820]  VMThread::loop()+0xc0
V  [libjvm.dylib+0x5a5655]  VMThread::run()+0x85
V  [libjvm.dylib+0x487e8f]  java_start(Thread*)+0xfa
C  [libsystem_pthread.dylib+0x6109]  _pthread_start+0x94
C  [libsystem_pthread.dylib+0x1b8b]  thread_start+0xf

VM_Operation (0x00007000018b3a98): GetOrSetLocal, mode: safepoint, requested by thread 0x00007fb80b039000


---------------  P R O C E S S  ---------------

Java Threads: ( => current thread )
  0x00007fb809011000 JavaThread "DestroyJavaVM" [_thread_blocked, id=10499, stack(0x0000700000d93000,0x0000700000e93000)]
  0x00007fb80b09e800 JavaThread "http-nio-8080-Acceptor" daemon [_thread_in_native, id=35843, stack(0x0000700003814000,0x0000700003914000)]
  0x00007fb80a078000 JavaThread "http-nio-8080-Poller" daemon [_thread_in_native, id=36355, stack(0x0000700003711000,0x0000700003811000)]
  0x00007fb809075000 JavaThread "http-nio-8080-exec-10" daemon [_thread_blocked, id=36611, stack(0x000070000360e000,0x000070000370e000)]
  0x00007fb8090bd800 JavaThread "http-nio-8080-exec-9" daemon [_thread_blocked, id=36867, stack(0x000070000350b000,0x000070000360b000)]
  0x00007fb8090bc800 JavaThread "http-nio-8080-exec-8" daemon [_thread_blocked, id=25347, stack(0x0000700003408000,0x0000700003508000)]
  0x00007fb80b434800 JavaThread "http-nio-8080-exec-7" daemon [_thread_blocked, id=37379, stack(0x0000700003305000,0x0000700003405000)]
  0x00007fb8090bc000 JavaThread "http-nio-8080-exec-6" daemon [_thread_blocked, id=24579, stack(0x0000700003202000,0x0000700003302000)]
  0x00007fb80b434000 JavaThread "http-nio-8080-exec-5" daemon [_thread_blocked, id=37891, stack(0x00007000030ff000,0x00007000031ff000)]
  0x00007fb80987c800 JavaThread "http-nio-8080-exec-4" daemon [_thread_blocked, id=24323, stack(0x0000700002ffc000,0x00007000030fc000)]
  0x00007fb8090c2800 JavaThread "http-nio-8080-exec-3" daemon [_thread_blocked, id=24067, stack(0x0000700002ef9000,0x0000700002ff9000)]
  0x00007fb80a075000 JavaThread "http-nio-8080-exec-2" daemon [_thread_blocked, id=38915, stack(0x0000700002df6000,0x0000700002ef6000)]
  0x00007fb80b09b000 JavaThread "http-nio-8080-exec-1" daemon [_thread_blocked, id=13319, stack(0x0000700002cf3000,0x0000700002df3000)]
  0x00007fb80a04a000 JavaThread "container-0" [_thread_blocked, id=39427, stack(0x0000700002bf0000,0x0000700002cf0000)]
  0x00007fb80b075000 JavaThread "Catalina-utility-2" [_thread_blocked, id=39683, stack(0x0000700002aed000,0x0000700002bed000)]
  0x00007fb809682000 JavaThread "Catalina-utility-1" [_thread_blocked, id=23043, stack(0x00007000029ea000,0x0000700002aea000)]
  0x00007fb80957b800 JavaThread "Attach Listener" daemon [_thread_blocked, id=40195, stack(0x00007000028e7000,0x00007000029e7000)]
  0x00007fb80a566800 JavaThread "HikariPool-1 housekeeper" daemon [_thread_blocked, id=41223, stack(0x00007000026e1000,0x00007000027e1000)]
  0x00007fb80926c000 JavaThread "JMX server connection timeout 19" daemon [_thread_blocked, id=22787, stack(0x00007000025de000,0x00007000026de000)]
  0x00007fb8099e4800 JavaThread "RMI TCP Connection(17)-127.0.0.1" daemon [_thread_in_native, id=41987, stack(0x00007000024db000,0x00007000025db000)]
  0x00007fb809243000 JavaThread "RMI Scheduler(0)" daemon [_thread_blocked, id=42243, stack(0x00007000023d8000,0x00007000024d8000)]
  0x00007fb80b189000 JavaThread "RMI TCP Accept-0" daemon [_thread_in_native, id=22019, stack(0x00007000020cf000,0x00007000021cf000)]
  0x00007fb8091a1800 JavaThread "RMI TCP Accept-52581" daemon [_thread_in_native, id=15875, stack(0x0000700001fcc000,0x00007000020cc000)]
  0x00007fb80b18a800 JavaThread "RMI TCP Accept-0" daemon [_thread_in_native, id=16387, stack(0x0000700001ec9000,0x0000700001fc9000)]
  0x00007fb809971800 JavaThread "Service Thread" daemon [_thread_blocked, id=16899, stack(0x0000700001dc6000,0x0000700001ec6000)]
  0x00007fb80996f000 JavaThread "C1 CompilerThread2" daemon [_thread_blocked, id=15363, stack(0x0000700001cc3000,0x0000700001dc3000)]
  0x00007fb809115000 JavaThread "C2 CompilerThread1" daemon [_thread_blocked, id=17155, stack(0x0000700001bc0000,0x0000700001cc0000)]
  0x00007fb80b133000 JavaThread "C2 CompilerThread0" daemon [_thread_blocked, id=17667, stack(0x0000700001abd000,0x0000700001bbd000)]
  0x00007fb80b03a000 JavaThread "JDWP Command Reader" daemon [_thread_in_native, id=18179, stack(0x00007000019ba000,0x0000700001aba000)]
  0x00007fb809808800 JavaThread "JDWP Event Helper Thread" daemon [_thread_blocked, id=18435, stack(0x00007000018b7000,0x00007000019b7000)]
  0x00007fb80b039000 JavaThread "JDWP Transport Listener: dt_socket" daemon [_thread_blocked, id=14343, stack(0x00007000017b4000,0x00007000018b4000)]
  0x00007fb80902e800 JavaThread "Signal Dispatcher" daemon [_thread_blocked, id=18947, stack(0x00007000016b1000,0x00007000017b1000)]
  0x00007fb809825000 JavaThread "Finalizer" daemon [_thread_blocked, id=20739, stack(0x00007000014a8000,0x00007000015a8000)]
  0x00007fb809822000 JavaThread "Reference Handler" daemon [_thread_blocked, id=11779, stack(0x00007000013a5000,0x00007000014a5000)]

Other Threads:
=>0x00007fb80b013800 VMThread [stack: 0x00007000012a2000,0x00007000013a2000] [id=20995]
  0x00007fb80b191800 WatcherThread [stack: 0x00007000021d2000,0x00007000022d2000] [id=43267]

VM state:at safepoint (normal execution)

VM Mutex/Monitor currently owned by a thread:  ([mutex/lock_event])
[0x00007fb808f05640] Threads_lock - owner thread: 0x00007fb80b013800

heap address: 0x00000006c0000000, size: 4096 MB, Compressed Oops mode: Zero based, Oop shift amount: 3
Narrow klass base: 0x0000000000000000, Narrow klass shift: 3
Compressed class space size: 1073741824 Address: 0x00000007c0000000

Heap:
 PSYoungGen      total 239104K, used 104987K [0x000000076ab00000, 0x000000077dd00000, 0x00000007c0000000)
  eden space 223744K, 46% used [0x000000076ab00000,0x0000000771186f38,0x0000000778580000)
  from space 15360K, 0% used [0x0000000778580000,0x0000000778580000,0x0000000779480000)
  to   space 15872K, 0% used [0x000000077cd80000,0x000000077cd80000,0x000000077dd00000)
 ParOldGen       total 223232K, used 20711K [0x00000006c0000000, 0x00000006cda00000, 0x000000076ab00000)
  object space 223232K, 9% used [0x00000006c0000000,0x00000006c1439cb0,0x00000006cda00000)
 Metaspace       used 60495K, capacity 64148K, committed 64384K, reserved 1103872K
  class space    used 8636K, capacity 9241K, committed 9344K, reserved 1048576K

Card table byte_map: [0x0000000103a24000,0x0000000104225000] byte_map_base: 0x0000000100424000

Marking Bits: (ParMarkBitMap*) 0x000000010330edc8
 Begin Bits: [0x000000011a8d0000, 0x000000011e8d0000)
 End Bits:   [0x000000011e8d0000, 0x00000001228d0000)

Polling page: 0x00000001023c6000

CodeCache: size=245760Kb used=8999Kb max_used=9167Kb free=236760Kb
 bounds [0x000000010b8d0000, 0x000000010c1d0000, 0x000000011a8d0000]
 total_blobs=5118 nmethods=4572 adapters=466
 compilation: enabled

Compilation events (10 events):
Event: 841.110 Thread 0x00007fb80996f000 4672  s    1       java.io.BufferedOutputStream::flush (12 bytes)
Event: 841.110 Thread 0x00007fb80996f000 nmethod 4672 0x000000010be61850 code [0x000000010be619c0, 0x000000010be61cb8]
Event: 901.059 Thread 0x00007fb80996f000 4673       1       java.io.ObjectInputStream$PeekInputStream::peek (49 bytes)
Event: 901.059 Thread 0x00007fb80996f000 nmethod 4673 0x000000010be614d0 code [0x000000010be61640, 0x000000010be617c8]
Event: 901.059 Thread 0x00007fb80996f000 4674       1       java.io.ObjectInputStream$BlockDataInputStream::read (62 bytes)
Event: 901.059 Thread 0x00007fb80996f000 nmethod 4674 0x000000010be61050 code [0x000000010be611c0, 0x000000010be613b8]
Event: 901.059 Thread 0x00007fb80996f000 4675       1       java.io.ObjectInputStream$BlockDataInputStream::readByte (20 bytes)
Event: 901.060 Thread 0x00007fb80996f000 nmethod 4675 0x000000010be60bd0 code [0x000000010be60d60, 0x000000010be60f58]
Event: 901.060 Thread 0x00007fb80996f000 4676       1       java.io.ObjectInputStream$PeekInputStream::read (47 bytes)
Event: 901.060 Thread 0x00007fb80996f000 nmethod 4676 0x000000010be60850 code [0x000000010be609c0, 0x000000010be60b48]

GC Heap History (10 events):
Event: 2.898 GC heap before
{Heap before GC invocations=8 (full 2):
 PSYoungGen      total 169472K, used 10735K [0x000000076ab00000, 0x0000000777e00000, 0x00000007c0000000)
  eden space 158720K, 0% used [0x000000076ab00000,0x000000076ab00000,0x0000000774600000)
  from space 10752K, 99% used [0x0000000775280000,0x0000000775cfbda0,0x0000000775d00000)
  to   space 12800K, 0% used [0x0000000774600000,0x0000000774600000,0x0000000775280000)
 ParOldGen       total 101376K, used 8279K [0x00000006c0000000, 0x00000006c6300000, 0x000000076ab00000)
  object space 101376K, 8% used [0x00000006c0000000,0x00000006c0815d28,0x00000006c6300000)
 Metaspace       used 33446K, capacity 35370K, committed 35456K, reserved 1079296K
  class space    used 4562K, capacity 4933K, committed 4992K, reserved 1048576K
Event: 2.935 GC heap after
Heap after GC invocations=8 (full 2):
 PSYoungGen      total 169472K, used 0K [0x000000076ab00000, 0x0000000777e00000, 0x00000007c0000000)
  eden space 158720K, 0% used [0x000000076ab00000,0x000000076ab00000,0x0000000774600000)
  from space 10752K, 0% used [0x0000000775280000,0x0000000775280000,0x0000000775d00000)
  to   space 12800K, 0% used [0x0000000774600000,0x0000000774600000,0x0000000775280000)
 ParOldGen       total 162816K, used 15924K [0x00000006c0000000, 0x00000006c9f00000, 0x000000076ab00000)
  object space 162816K, 9% used [0x00000006c0000000,0x00000006c0f8d1a8,0x00000006c9f00000)
 Metaspace       used 33446K, capacity 35370K, committed 35456K, reserved 1079296K
  class space    used 4562K, capacity 4933K, committed 4992K, reserved 1048576K
}
Event: 3.650 GC heap before
{Heap before GC invocations=9 (full 2):
 PSYoungGen      total 169472K, used 158720K [0x000000076ab00000, 0x0000000777e00000, 0x00000007c0000000)
  eden space 158720K, 100% used [0x000000076ab00000,0x0000000774600000,0x0000000774600000)
  from space 10752K, 0% used [0x0000000775280000,0x0000000775280000,0x0000000775d00000)
  to   space 12800K, 0% used [0x0000000774600000,0x0000000774600000,0x0000000775280000)
 ParOldGen       total 162816K, used 15924K [0x00000006c0000000, 0x00000006c9f00000, 0x000000076ab00000)
  object space 162816K, 9% used [0x00000006c0000000,0x00000006c0f8d1a8,0x00000006c9f00000)
 Metaspace       used 41382K, capacity 43666K, committed 43904K, reserved 1087488K
  class space    used 5772K, capacity 6191K, committed 6272K, reserved 1048576K
Event: 3.660 GC heap after
Heap after GC invocations=9 (full 2):
 PSYoungGen      total 171520K, used 9118K [0x000000076ab00000, 0x000000077a200000, 0x00000007c0000000)
  eden space 158720K, 0% used [0x000000076ab00000,0x000000076ab00000,0x0000000774600000)
  from space 12800K, 71% used [0x0000000774600000,0x0000000774ee7970,0x0000000775280000)
  to   space 13312K, 0% used [0x0000000779500000,0x0000000779500000,0x000000077a200000)
 ParOldGen       total 162816K, used 15924K [0x00000006c0000000, 0x00000006c9f00000, 0x000000076ab00000)
  object space 162816K, 9% used [0x00000006c0000000,0x00000006c0f8d1a8,0x00000006c9f00000)
 Metaspace       used 41382K, capacity 43666K, committed 43904K, reserved 1087488K
  class space    used 5772K, capacity 6191K, committed 6272K, reserved 1048576K
}
Event: 4.639 GC heap before
{Heap before GC invocations=10 (full 2):
 PSYoungGen      total 171520K, used 167838K [0x000000076ab00000, 0x000000077a200000, 0x00000007c0000000)
  eden space 158720K, 100% used [0x000000076ab00000,0x0000000774600000,0x0000000774600000)
  from space 12800K, 71% used [0x0000000774600000,0x0000000774ee7970,0x0000000775280000)
  to   space 13312K, 0% used [0x0000000779500000,0x0000000779500000,0x000000077a200000)
 ParOldGen       total 162816K, used 15924K [0x00000006c0000000, 0x00000006c9f00000, 0x000000076ab00000)
  object space 162816K, 9% used [0x00000006c0000000,0x00000006c0f8d1a8,0x00000006c9f00000)
 Metaspace       used 51942K, capacity 54488K, committed 54784K, reserved 1095680K
  class space    used 7375K, capacity 7848K, committed 7936K, reserved 1048576K
Event: 4.651 GC heap after
Heap after GC invocations=10 (full 2):
 PSYoungGen      total 237056K, used 13305K [0x000000076ab00000, 0x000000077a380000, 0x00000007c0000000)
  eden space 223744K, 0% used [0x000000076ab00000,0x000000076ab00000,0x0000000778580000)
  from space 13312K, 99% used [0x0000000779500000,0x000000077a1fe508,0x000000077a200000)
  to   space 15360K, 0% used [0x0000000778580000,0x0000000778580000,0x0000000779480000)
 ParOldGen       total 162816K, used 16665K [0x00000006c0000000, 0x00000006c9f00000, 0x000000076ab00000)
  object space 162816K, 10% used [0x00000006c0000000,0x00000006c1046610,0x00000006c9f00000)
 Metaspace       used 51942K, capacity 54488K, committed 54784K, reserved 1095680K
  class space    used 7375K, capacity 7848K, committed 7936K, reserved 1048576K
}
Event: 5.233 GC heap before
{Heap before GC invocations=11 (full 2):
 PSYoungGen      total 237056K, used 106521K [0x000000076ab00000, 0x000000077a380000, 0x00000007c0000000)
  eden space 223744K, 41% used [0x000000076ab00000,0x0000000770608258,0x0000000778580000)
  from space 13312K, 99% used [0x0000000779500000,0x000000077a1fe508,0x000000077a200000)
  to   space 15360K, 0% used [0x0000000778580000,0x0000000778580000,0x0000000779480000)
 ParOldGen       total 162816K, used 16665K [0x00000006c0000000, 0x00000006c9f00000, 0x000000076ab00000)
  object space 162816K, 10% used [0x00000006c0000000,0x00000006c1046610,0x00000006c9f00000)
 Metaspace       used 55776K, capacity 59006K, committed 59096K, reserved 1099776K
  class space    used 7940K, capacity 8489K, committed 8576K, reserved 1048576K
Event: 5.246 GC heap after
Heap after GC invocations=11 (full 2):
 PSYoungGen      total 239104K, used 10791K [0x000000076ab00000, 0x000000077dd00000, 0x00000007c0000000)
  eden space 223744K, 0% used [0x000000076ab00000,0x000000076ab00000,0x0000000778580000)
  from space 15360K, 70% used [0x0000000778580000,0x0000000779009ec0,0x0000000779480000)
  to   space 15872K, 0% used [0x000000077cd80000,0x000000077cd80000,0x000000077dd00000)
 ParOldGen       total 162816K, used 16673K [0x00000006c0000000, 0x00000006c9f00000, 0x000000076ab00000)
  object space 162816K, 10% used [0x00000006c0000000,0x00000006c1048610,0x00000006c9f00000)
 Metaspace       used 55776K, capacity 59006K, committed 59096K, reserved 1099776K
  class space    used 7940K, capacity 8489K, committed 8576K, reserved 1048576K
}
Event: 5.246 GC heap before
{Heap before GC invocations=12 (full 3):
 PSYoungGen      total 239104K, used 10791K [0x000000076ab00000, 0x000000077dd00000, 0x00000007c0000000)
  eden space 223744K, 0% used [0x000000076ab00000,0x000000076ab00000,0x0000000778580000)
  from space 15360K, 70% used [0x0000000778580000,0x0000000779009ec0,0x0000000779480000)
  to   space 15872K, 0% used [0x000000077cd80000,0x000000077cd80000,0x000000077dd00000)
 ParOldGen       total 162816K, used 16673K [0x00000006c0000000, 0x00000006c9f00000, 0x000000076ab00000)
  object space 162816K, 10% used [0x00000006c0000000,0x00000006c1048610,0x00000006c9f00000)
 Metaspace       used 55776K, capacity 59006K, committed 59096K, reserved 1099776K
  class space    used 7940K, capacity 8489K, committed 8576K, reserved 1048576K
Event: 5.349 GC heap after
Heap after GC invocations=12 (full 3):
 PSYoungGen      total 239104K, used 0K [0x000000076ab00000, 0x000000077dd00000, 0x00000007c0000000)
  eden space 223744K, 0% used [0x000000076ab00000,0x000000076ab00000,0x0000000778580000)
  from space 15360K, 0% used [0x0000000778580000,0x0000000778580000,0x0000000779480000)
  to   space 15872K, 0% used [0x000000077cd80000,0x000000077cd80000,0x000000077dd00000)
 ParOldGen       total 223232K, used 20711K [0x00000006c0000000, 0x00000006cda00000, 0x000000076ab00000)
  object space 223232K, 9% used [0x00000006c0000000,0x00000006c1439cb0,0x00000006cda00000)
 Metaspace       used 55776K, capacity 59006K, committed 59096K, reserved 1099776K
  class space    used 7940K, capacity 8489K, committed 8576K, reserved 1048576K
}

Deoptimization events (0 events):
No events

Classes redefined (2 events):
Event: 188.007 Thread 0x00007fb80b013800 redefined class name=com.tech.demo.controller.EmployeeController, count=1
Event: 910.241 Thread 0x00007fb80b013800 redefined class name=com.tech.demo.controller.EmployeeController, count=2

Internal exceptions (10 events):
Event: 5.684 Thread 0x00007fb809011000 Exception <a 'java/lang/ArrayIndexOutOfBoundsException'> (0x000000076dbbc070) thrown at [/Users/jenkins/workspace/build-scripts/jobs/jdk8u/jdk8u-mac-x64-hotspot/workspace/build/src/hotspot/src/share/vm/runtime/sharedRuntime.cpp, line 605]
Event: 5.694 Thread 0x00007fb809011000 Exception <a 'java/lang/ArrayIndexOutOfBoundsException'> (0x000000076dc32e50) thrown at [/Users/jenkins/workspace/build-scripts/jobs/jdk8u/jdk8u-mac-x64-hotspot/workspace/build/src/hotspot/src/share/vm/runtime/sharedRuntime.cpp, line 605]
Event: 5.694 Thread 0x00007fb809011000 Exception <a 'java/lang/ArrayIndexOutOfBoundsException'> (0x000000076dc35158) thrown at [/Users/jenkins/workspace/build-scripts/jobs/jdk8u/jdk8u-mac-x64-hotspot/workspace/build/src/hotspot/src/share/vm/runtime/sharedRuntime.cpp, line 605]
Event: 5.698 Thread 0x00007fb809011000 Exception <a 'java/lang/ArrayIndexOutOfBoundsException'> (0x000000076dc4e470) thrown at [/Users/jenkins/workspace/build-scripts/jobs/jdk8u/jdk8u-mac-x64-hotspot/workspace/build/src/hotspot/src/share/vm/runtime/sharedRuntime.cpp, line 605]
Event: 9.000 Thread 0x00007fb80a075000 Exception <a 'java/lang/ArrayIndexOutOfBoundsException'> (0x000000076f6a6680) thrown at [/Users/jenkins/workspace/build-scripts/jobs/jdk8u/jdk8u-mac-x64-hotspot/workspace/build/src/hotspot/src/share/vm/runtime/sharedRuntime.cpp, line 605]
Event: 9.001 Thread 0x00007fb80a075000 Exception <a 'java/lang/ArrayIndexOutOfBoundsException'> (0x000000076f6b8540) thrown at [/Users/jenkins/workspace/build-scripts/jobs/jdk8u/jdk8u-mac-x64-hotspot/workspace/build/src/hotspot/src/share/vm/runtime/sharedRuntime.cpp, line 605]
Event: 9.001 Thread 0x00007fb80a075000 Exception <a 'java/lang/ArrayIndexOutOfBoundsException'> (0x000000076f6ba4b0) thrown at [/Users/jenkins/workspace/build-scripts/jobs/jdk8u/jdk8u-mac-x64-hotspot/workspace/build/src/hotspot/src/share/vm/runtime/sharedRuntime.cpp, line 605]
Event: 29.764 Thread 0x00007fb80a075000 Exception <a 'java/lang/ArrayIndexOutOfBoundsException': 22> (0x0000000770067230) thrown at [/Users/jenkins/workspace/build-scripts/jobs/jdk8u/jdk8u-mac-x64-hotspot/workspace/build/src/hotspot/src/share/vm/interpreter/interpreterRuntime.cpp, line 368]
Event: 35.958 Thread 0x00007fb80a075000 Exception <a 'java/lang/ArrayIndexOutOfBoundsException': 53> (0x0000000770600b30) thrown at [/Users/jenkins/workspace/build-scripts/jobs/jdk8u/jdk8u-mac-x64-hotspot/workspace/build/src/hotspot/src/share/vm/interpreter/interpreterRuntime.cpp, line 368]
Event: 35.965 Thread 0x00007fb80a075000 Exception <a 'java/lang/ArrayIndexOutOfBoundsException': 54> (0x0000000770602b78) thrown at [/Users/jenkins/workspace/build-scripts/jobs/jdk8u/jdk8u-mac-x64-hotspot/workspace/build/src/hotspot/src/share/vm/interpreter/interpreterRuntime.cpp, line 368]

Events (10 events):
Event: 910.441 Executing VM operation: ChangeBreakpoints done
Event: 910.443 Executing VM operation: EnterInterpOnlyMode
Event: 910.443 Executing nested VM operation: Deoptimize
Event: 910.444 Executing nested VM operation: Deoptimize done
Event: 910.444 Executing VM operation: EnterInterpOnlyMode done
Event: 910.444 Executing VM operation: GetCurrentLocation
Event: 910.444 Executing VM operation: GetCurrentLocation done
Event: 910.444 Executing VM operation: ChangeSingleStep
Event: 910.444 Executing VM operation: ChangeSingleStep done
Event: 910.446 Executing VM operation: GetOrSetLocal


Dynamic libraries:
0x00007fff2ed73000 	/System/Library/Frameworks/Cocoa.framework/Versions/A/Cocoa
0x00007fff3c55b000 	/System/Library/Frameworks/Security.framework/Versions/A/Security
0x00007fff2dcda000 	/System/Library/Frameworks/ApplicationServices.framework/Versions/A/ApplicationServices
0x00007fff691fa000 	/usr/lib/libz.1.dylib
0x00007fff66cbe000 	/usr/lib/libSystem.B.dylib
0x00007fff2fc13000 	/System/Library/Frameworks/CoreFoundation.framework/Versions/A/CoreFoundation
0x00007fff322cd000 	/System/Library/Frameworks/Foundation.framework/Versions/C/Foundation
0x00007fff68b1e000 	/usr/lib/libobjc.A.dylib
0x00007fff2ceca000 	/System/Library/Frameworks/AppKit.framework/Versions/C/AppKit
0x00007fff2f6f7000 	/System/Library/Frameworks/CoreData.framework/Versions/A/CoreData
0x00007fff60cd9000 	/System/Library/PrivateFrameworks/UIFoundation.framework/Versions/A/UIFoundation
0x00007fff5bd7d000 	/System/Library/PrivateFrameworks/RemoteViewServices.framework/Versions/A/RemoteViewServices
0x00007fff6382e000 	/System/Library/PrivateFrameworks/XCTTargetBootstrap.framework/Versions/A/XCTTargetBootstrap
0x00007fff2fae2000 	/System/Library/Frameworks/CoreDisplay.framework/Versions/A/CoreDisplay
0x00007fff35188000 	/System/Library/Frameworks/Metal.framework/Versions/A/Metal
0x00007fff49d47000 	/System/Library/PrivateFrameworks/DesktopServicesPriv.framework/Versions/A/DesktopServicesPriv
0x00007fff67df9000 	/usr/lib/liblangid.dylib
0x00007fff48fdf000 	/System/Library/PrivateFrameworks/CoreSVG.framework/Versions/A/CoreSVG
0x00007fff5eed6000 	/System/Library/PrivateFrameworks/SkyLight.framework/Versions/A/SkyLight
0x00007fff30094000 	/System/Library/Frameworks/CoreGraphics.framework/Versions/A/CoreGraphics
0x00007fff2b89e000 	/System/Library/Frameworks/Accelerate.framework/Versions/A/Accelerate
0x00007fff690eb000 	/usr/lib/libxml2.2.dylib
0x00007fff54cd4000 	/System/Library/PrivateFrameworks/IconServices.framework/Versions/A/IconServices
0x00007fff32aac000 	/System/Library/Frameworks/IOSurface.framework/Versions/A/IOSurface
0x00007fff667e8000 	/usr/lib/libDiagnosticMessagesClient.dylib
0x00007fff49ba1000 	/System/Library/PrivateFrameworks/DFRFoundation.framework/Versions/A/DFRFoundation
0x00007fff67b88000 	/usr/lib/libicucore.A.dylib
0x00007fff2e00c000 	/System/Library/Frameworks/AudioToolbox.framework/Versions/A/AudioToolbox
0x00007fff2e0ef000 	/System/Library/Frameworks/AudioUnit.framework/Versions/A/AudioUnit
0x00007fff66ec0000 	/usr/lib/libauto.dylib
0x00007fff49c43000 	/System/Library/PrivateFrameworks/DataDetectorsCore.framework/Versions/A/DataDetectorsCore
0x00007fff2e894000 	/System/Library/Frameworks/Carbon.framework/Versions/A/Frameworks/HIToolbox.framework/Versions/A/HIToolbox
0x00007fff3b758000 	/System/Library/Frameworks/QuartzCore.framework/Versions/A/QuartzCore
0x00007fff2ebd3000 	/System/Library/Frameworks/Carbon.framework/Versions/A/Frameworks/SpeechRecognition.framework/Versions/A/SpeechRecognition
0x00007fff496b8000 	/System/Library/PrivateFrameworks/CoreUI.framework/Versions/A/CoreUI
0x00007fff2f162000 	/System/Library/Frameworks/CoreAudio.framework/Versions/A/CoreAudio
0x00007fff31f8e000 	/System/Library/Frameworks/DiskArbitration.framework/Versions/A/DiskArbitration
0x00007fff56d64000 	/System/Library/PrivateFrameworks/MultitouchSupport.framework/Versions/A/MultitouchSupport
0x00007fff67a4f000 	/usr/lib/libenergytrace.dylib
0x00007fff32a06000 	/System/Library/Frameworks/IOKit.framework/Versions/A/IOKit
0x00007fff30ffa000 	/System/Library/Frameworks/CoreServices.framework/Versions/A/CoreServices
0x00007fff58f13000 	/System/Library/PrivateFrameworks/PerformanceAnalysis.framework/Versions/A/PerformanceAnalysis
0x00007fff3a78b000 	/System/Library/Frameworks/OpenGL.framework/Versions/A/OpenGL
0x00007fff2ed81000 	/System/Library/Frameworks/ColorSync.framework/Versions/A/ColorSync
0x00007fff30716000 	/System/Library/Frameworks/CoreImage.framework/Versions/A/CoreImage
0x00007fff31a6d000 	/System/Library/Frameworks/CoreText.framework/Versions/A/CoreText
0x00007fff32b3c000 	/System/Library/Frameworks/ImageIO.framework/Versions/A/ImageIO
0x00007fff66fa4000 	/usr/lib/libc++.1.dylib
0x00007fff67020000 	/usr/lib/libcompression.dylib
0x00007fff66b2c000 	/usr/lib/libMobileGestalt.dylib
0x00007fff60a4e000 	/System/Library/PrivateFrameworks/TextureIO.framework/Versions/A/TextureIO
0x00007fff66e23000 	/usr/lib/libate.dylib
0x00007fff54edd000 	/System/Library/PrivateFrameworks/InternationalSupport.framework/Versions/A/InternationalSupport
0x00007fff69aba000 	/usr/lib/system/libcache.dylib
0x00007fff69ac0000 	/usr/lib/system/libcommonCrypto.dylib
0x00007fff69acc000 	/usr/lib/system/libcompiler_rt.dylib
0x00007fff69ad4000 	/usr/lib/system/libcopyfile.dylib
0x00007fff69ade000 	/usr/lib/system/libcorecrypto.dylib
0x00007fff69c7d000 	/usr/lib/system/libdispatch.dylib
0x00007fff69cbe000 	/usr/lib/system/libdyld.dylib
0x00007fff69cf5000 	/usr/lib/system/libkeymgr.dylib
0x00007fff69d03000 	/usr/lib/system/liblaunch.dylib
0x00007fff69d04000 	/usr/lib/system/libmacho.dylib
0x00007fff69d0a000 	/usr/lib/system/libquarantine.dylib
0x00007fff69d0d000 	/usr/lib/system/libremovefile.dylib
0x00007fff69d0f000 	/usr/lib/system/libsystem_asl.dylib
0x00007fff69d27000 	/usr/lib/system/libsystem_blocks.dylib
0x00007fff69d28000 	/usr/lib/system/libsystem_c.dylib
0x00007fff69db0000 	/usr/lib/system/libsystem_configuration.dylib
0x00007fff69db4000 	/usr/lib/system/libsystem_coreservices.dylib
0x00007fff69db8000 	/usr/lib/system/libsystem_darwin.dylib
0x00007fff69dc1000 	/usr/lib/system/libsystem_dnssd.dylib
0x00007fff69dc9000 	/usr/lib/system/libsystem_featureflags.dylib
0x00007fff69dcb000 	/usr/lib/system/libsystem_info.dylib
0x00007fff69e46000 	/usr/lib/system/libsystem_m.dylib
0x00007fff69e8e000 	/usr/lib/system/libsystem_malloc.dylib
0x00007fff69eb6000 	/usr/lib/system/libsystem_networkextension.dylib
0x00007fff69ec4000 	/usr/lib/system/libsystem_notify.dylib
0x00007fff69ee2000 	/usr/lib/system/libsystem_sandbox.dylib
0x00007fff69ee7000 	/usr/lib/system/libsystem_secinit.dylib
0x00007fff69e19000 	/usr/lib/system/libsystem_kernel.dylib
0x00007fff69ece000 	/usr/lib/system/libsystem_platform.dylib
0x00007fff69ed7000 	/usr/lib/system/libsystem_pthread.dylib
0x00007fff69eea000 	/usr/lib/system/libsystem_symptoms.dylib
0x00007fff69ef2000 	/usr/lib/system/libsystem_trace.dylib
0x00007fff69f0a000 	/usr/lib/system/libunwind.dylib
0x00007fff69f10000 	/usr/lib/system/libxpc.dylib
0x00007fff66ff7000 	/usr/lib/libc++abi.dylib
0x00007fff67dfb000 	/usr/lib/liblzma.5.dylib
0x00007fff67a76000 	/usr/lib/libfakelink.dylib
0x00007fff66db0000 	/usr/lib/libarchive.2.dylib
0x00007fff3d60c000 	/System/Library/Frameworks/SystemConfiguration.framework/Versions/A/SystemConfiguration
0x00007fff6671b000 	/usr/lib/libCRFSuite.dylib
0x00007fff2e485000 	/System/Library/Frameworks/CFNetwork.framework/Versions/A/CFNetwork
0x00007fff66f86000 	/usr/lib/libbsm.0.dylib
0x00007fff69cf6000 	/usr/lib/system/libkxld.dylib
0x00007fff4352d000 	/System/Library/PrivateFrameworks/AppleFSCompression.framework/Versions/A/AppleFSCompression
0x00007fff67311000 	/usr/lib/libcoretls.dylib
0x00007fff67328000 	/usr/lib/libcoretls_cfhelpers.dylib
0x00007fff68b64000 	/usr/lib/libpam.2.dylib
0x00007fff68c99000 	/usr/lib/libsqlite3.dylib
0x00007fff690d8000 	/usr/lib/libxar.1.dylib
0x00007fff66f97000 	/usr/lib/libbz2.1.0.dylib
0x00007fff67a97000 	/usr/lib/libiconv.2.dylib
0x00007fff6700d000 	/usr/lib/libcharset.1.dylib
0x00007fff68601000 	/usr/lib/libnetwork.dylib
0x00007fff68b6b000 	/usr/lib/libpcap.A.dylib
0x00007fff66d65000 	/usr/lib/libapple_nghttp2.dylib
0x00007fff313b1000 	/System/Library/Frameworks/CoreServices.framework/Versions/A/Frameworks/FSEvents.framework/Versions/A/FSEvents
0x00007fff31081000 	/System/Library/Frameworks/CoreServices.framework/Versions/A/Frameworks/CarbonCore.framework/Versions/A/CarbonCore
0x00007fff315f5000 	/System/Library/Frameworks/CoreServices.framework/Versions/A/Frameworks/Metadata.framework/Versions/A/Metadata
0x00007fff3168e000 	/System/Library/Frameworks/CoreServices.framework/Versions/A/Frameworks/OSServices.framework/Versions/A/OSServices
0x00007fff316bc000 	/System/Library/Frameworks/CoreServices.framework/Versions/A/Frameworks/SearchKit.framework/Versions/A/SearchKit
0x00007fff30ffb000 	/System/Library/Frameworks/CoreServices.framework/Versions/A/Frameworks/AE.framework/Versions/A/AE
0x00007fff313ba000 	/System/Library/Frameworks/CoreServices.framework/Versions/A/Frameworks/LaunchServices.framework/Versions/A/LaunchServices
0x00007fff31363000 	/System/Library/Frameworks/CoreServices.framework/Versions/A/Frameworks/DictionaryServices.framework/Versions/A/DictionaryServices
0x00007fff31724000 	/System/Library/Frameworks/CoreServices.framework/Versions/A/Frameworks/SharedFileList.framework/Versions/A/SharedFileList
0x00007fff365ab000 	/System/Library/Frameworks/NetFS.framework/Versions/A/NetFS
0x00007fff57294000 	/System/Library/PrivateFrameworks/NetAuth.framework/Versions/A/NetAuth
0x00007fff63bfb000 	/System/Library/PrivateFrameworks/login.framework/Versions/A/Frameworks/loginsupport.framework/Versions/A/loginsupport
0x00007fff60519000 	/System/Library/PrivateFrameworks/TCC.framework/Versions/A/TCC
0x00007fff48152000 	/System/Library/PrivateFrameworks/CoreNLP.framework/Versions/A/CoreNLP
0x00007fff5674f000 	/System/Library/PrivateFrameworks/MetadataUtilities.framework/Versions/A/MetadataUtilities
0x00007fff67ed3000 	/usr/lib/libmecabra.dylib
0x00007fff67e2b000 	/usr/lib/libmecab.dylib
0x00007fff67a87000 	/usr/lib/libgermantok.dylib
0x00007fff66d4c000 	/usr/lib/libThaiTokenizer.dylib
0x00007fff66752000 	/usr/lib/libChineseTokenizer.dylib
0x00007fff2b8b6000 	/System/Library/Frameworks/Accelerate.framework/Versions/A/Frameworks/vImage.framework/Versions/A/vImage
0x00007fff2cd20000 	/System/Library/Frameworks/Accelerate.framework/Versions/A/Frameworks/vecLib.framework/Versions/A/vecLib
0x00007fff2cc5d000 	/System/Library/Frameworks/Accelerate.framework/Versions/A/Frameworks/vecLib.framework/Versions/A/libvMisc.dylib
0x00007fff2ca85000 	/System/Library/Frameworks/Accelerate.framework/Versions/A/Frameworks/vecLib.framework/Versions/A/libvDSP.dylib
0x00007fff2bf0d000 	/System/Library/Frameworks/Accelerate.framework/Versions/A/Frameworks/vecLib.framework/Versions/A/libBLAS.dylib
0x00007fff2c649000 	/System/Library/Frameworks/Accelerate.framework/Versions/A/Frameworks/vecLib.framework/Versions/A/libLAPACK.dylib
0x00007fff2c9e5000 	/System/Library/Frameworks/Accelerate.framework/Versions/A/Frameworks/vecLib.framework/Versions/A/libLinearAlgebra.dylib
0x00007fff2ca72000 	/System/Library/Frameworks/Accelerate.framework/Versions/A/Frameworks/vecLib.framework/Versions/A/libSparseBLAS.dylib
0x00007fff2c9fb000 	/System/Library/Frameworks/Accelerate.framework/Versions/A/Frameworks/vecLib.framework/Versions/A/libQuadrature.dylib
0x00007fff2c175000 	/System/Library/Frameworks/Accelerate.framework/Versions/A/Frameworks/vecLib.framework/Versions/A/libBNNS.dylib
0x00007fff2ca01000 	/System/Library/Frameworks/Accelerate.framework/Versions/A/Frameworks/vecLib.framework/Versions/A/libSparse.dylib
0x00007fff552c5000 	/System/Library/PrivateFrameworks/LanguageModeling.framework/Versions/A/LanguageModeling
0x00007fff47b02000 	/System/Library/PrivateFrameworks/CoreEmoji.framework/Versions/A/CoreEmoji
0x00007fff553e3000 	/System/Library/PrivateFrameworks/LinguisticData.framework/Versions/A/LinguisticData
0x00007fff55394000 	/System/Library/PrivateFrameworks/Lexicon.framework/Versions/A/Lexicon
0x00007fff6700e000 	/usr/lib/libcmph.dylib
0x00007fff39199000 	/System/Library/Frameworks/OpenDirectory.framework/Versions/A/Frameworks/CFOpenDirectory.framework/Versions/A/CFOpenDirectory
0x00007fff391b6000 	/System/Library/Frameworks/OpenDirectory.framework/Versions/A/OpenDirectory
0x00007fff415db000 	/System/Library/PrivateFrameworks/APFS.framework/Versions/A/APFS
0x00007fff3c8a5000 	/System/Library/Frameworks/SecurityFoundation.framework/Versions/A/SecurityFoundation
0x00007fff690d4000 	/usr/lib/libutil.dylib
0x00007fff49037000 	/System/Library/PrivateFrameworks/CoreServicesStore.framework/Versions/A/CoreServicesStore
0x00007fff3c95c000 	/System/Library/Frameworks/ServiceManagement.framework/Versions/A/ServiceManagement
0x00007fff44cfc000 	/System/Library/PrivateFrameworks/BackgroundTaskManagement.framework/Versions/A/BackgroundTaskManagement
0x00007fff691d1000 	/usr/lib/libxslt.1.dylib
0x00007fff43ba0000 	/System/Library/PrivateFrameworks/AppleSystemInfo.framework/Versions/A/AppleSystemInfo
0x00007fff32d57000 	/System/Library/Frameworks/ImageIO.framework/Versions/A/Resources/libJPEG.dylib
0x00007fff33013000 	/System/Library/Frameworks/ImageIO.framework/Versions/A/Resources/libTIFF.dylib
0x00007fff32ff6000 	/System/Library/Frameworks/ImageIO.framework/Versions/A/Resources/libPng.dylib
0x00007fff32c99000 	/System/Library/Frameworks/ImageIO.framework/Versions/A/Resources/libGIF.dylib
0x00007fff32c9d000 	/System/Library/Frameworks/ImageIO.framework/Versions/A/Resources/libJP2.dylib
0x00007fff33011000 	/System/Library/Frameworks/ImageIO.framework/Versions/A/Resources/libRadiance.dylib
0x00007fff67a50000 	/usr/lib/libexpat.1.dylib
0x00007fff43688000 	/System/Library/PrivateFrameworks/AppleJPEG.framework/Versions/A/AppleJPEG
0x00007fff4c336000 	/System/Library/PrivateFrameworks/FontServices.framework/libFontParser.dylib
0x00007fff62c00000 	/System/Library/PrivateFrameworks/WatchdogClient.framework/Versions/A/WatchdogClient
0x00007fff54920000 	/System/Library/PrivateFrameworks/IOAccelerator.framework/Versions/A/IOAccelerator
0x00007fff35523000 	/System/Library/Frameworks/MetalPerformanceShaders.framework/Versions/A/MetalPerformanceShaders
0x00007fff510b7000 	/System/Library/PrivateFrameworks/GPUWrangler.framework/Versions/A/GPUWrangler
0x00007fff54935000 	/System/Library/PrivateFrameworks/IOPresentment.framework/Versions/A/IOPresentment
0x00007fff49bb4000 	/System/Library/PrivateFrameworks/DSExternalDisplay.framework/Versions/A/DSExternalDisplay
0x00007fff39b2a000 	/System/Library/Frameworks/OpenGL.framework/Versions/A/Libraries/libCoreFSCache.dylib
0x00007fff3526f000 	/System/Library/Frameworks/MetalPerformanceShaders.framework/Frameworks/MPSCore.framework/Versions/A/MPSCore
0x00007fff352ad000 	/System/Library/Frameworks/MetalPerformanceShaders.framework/Frameworks/MPSImage.framework/Versions/A/MPSImage
0x00007fff35374000 	/System/Library/Frameworks/MetalPerformanceShaders.framework/Frameworks/MPSNeuralNetwork.framework/Versions/A/MPSNeuralNetwork
0x00007fff35338000 	/System/Library/Frameworks/MetalPerformanceShaders.framework/Frameworks/MPSMatrix.framework/Versions/A/MPSMatrix
0x00007fff354d3000 	/System/Library/Frameworks/MetalPerformanceShaders.framework/Frameworks/MPSRayIntersector.framework/Versions/A/MPSRayIntersector
0x00007fff3535e000 	/System/Library/Frameworks/MetalPerformanceShaders.framework/Frameworks/MPSNDArray.framework/Versions/A/MPSNDArray
0x00007fff5679c000 	/System/Library/PrivateFrameworks/MetalTools.framework/Versions/A/MetalTools
0x00007fff427b0000 	/System/Library/PrivateFrameworks/AggregateDictionary.framework/Versions/A/AggregateDictionary
0x00007fff4754c000 	/System/Library/PrivateFrameworks/CoreAnalytics.framework/Versions/A/CoreAnalytics
0x00007fff43abf000 	/System/Library/PrivateFrameworks/AppleSauce.framework/Versions/A/AppleSauce
0x00007fff66a0e000 	/usr/lib/libIOReport.dylib
0x00007fff31c25000 	/System/Library/Frameworks/CoreVideo.framework/Versions/A/CoreVideo
0x00007fff52531000 	/System/Library/PrivateFrameworks/GraphVisualizer.framework/Versions/A/GraphVisualizer
0x00007fff4b87d000 	/System/Library/PrivateFrameworks/FaceCore.framework/Versions/A/FaceCore
0x00007fff39140000 	/System/Library/Frameworks/OpenCL.framework/Versions/A/OpenCL
0x00007fff66830000 	/usr/lib/libFosl_dynamic.dylib
0x00007fff57cb4000 	/System/Library/PrivateFrameworks/OTSVG.framework/Versions/A/OTSVG
0x00007fff2dddf000 	/System/Library/Frameworks/ApplicationServices.framework/Versions/A/Frameworks/ATS.framework/Versions/A/Resources/libFontRegistry.dylib
0x00007fff4c508000 	/System/Library/PrivateFrameworks/FontServices.framework/libhvf.dylib
0x00007fff39b35000 	/System/Library/Frameworks/OpenGL.framework/Versions/A/Libraries/libGFXShared.dylib
0x00007fff39d13000 	/System/Library/Frameworks/OpenGL.framework/Versions/A/Libraries/libGLU.dylib
0x00007fff39b3e000 	/System/Library/Frameworks/OpenGL.framework/Versions/A/Libraries/libGL.dylib
0x00007fff39b49000 	/System/Library/Frameworks/OpenGL.framework/Versions/A/Libraries/libGLImage.dylib
0x00007fff39b27000 	/System/Library/Frameworks/OpenGL.framework/Versions/A/Libraries/libCVMSPluginSupport.dylib
0x00007fff39b30000 	/System/Library/Frameworks/OpenGL.framework/Versions/A/Libraries/libCoreVMClient.dylib
0x00007fff684a2000 	/usr/lib/libncurses.5.4.dylib
0x00007fff2dcdb000 	/System/Library/Frameworks/ApplicationServices.framework/Versions/A/Frameworks/ATS.framework/Versions/A/ATS
0x00007fff2dea8000 	/System/Library/Frameworks/ApplicationServices.framework/Versions/A/Frameworks/ColorSyncLegacy.framework/Versions/A/ColorSyncLegacy
0x00007fff2df46000 	/System/Library/Frameworks/ApplicationServices.framework/Versions/A/Frameworks/HIServices.framework/Versions/A/HIServices
0x00007fff2df9e000 	/System/Library/Frameworks/ApplicationServices.framework/Versions/A/Frameworks/LangAnalysis.framework/Versions/A/LangAnalysis
0x00007fff2dfad000 	/System/Library/Frameworks/ApplicationServices.framework/Versions/A/Frameworks/PrintCore.framework/Versions/A/PrintCore
0x00007fff2dff3000 	/System/Library/Frameworks/ApplicationServices.framework/Versions/A/Frameworks/QD.framework/Versions/A/QD
0x00007fff2dffe000 	/System/Library/Frameworks/ApplicationServices.framework/Versions/A/Frameworks/SpeechSynthesis.framework/Versions/A/SpeechSynthesis
0x00007fff2de78000 	/System/Library/Frameworks/ApplicationServices.framework/Versions/A/Frameworks/ATSUI.framework/Versions/A/ATSUI
0x00007fff678e6000 	/usr/lib/libcups.2.dylib
0x00007fff345be000 	/System/Library/Frameworks/Kerberos.framework/Versions/A/Kerberos
0x00007fff326ff000 	/System/Library/Frameworks/GSS.framework/Versions/A/GSS
0x00007fff68c25000 	/usr/lib/libresolv.9.dylib
0x00007fff526de000 	/System/Library/PrivateFrameworks/Heimdal.framework/Versions/A/Heimdal
0x00007fff345d1000 	/System/Library/Frameworks/Kerberos.framework/Versions/A/Libraries/libHeimdalProxy.dylib
0x00007fff67a8d000 	/usr/lib/libheimdal-asn1.dylib
0x00007fff469e7000 	/System/Library/PrivateFrameworks/CommonAuth.framework/Versions/A/CommonAuth
0x00007fff43c3d000 	/System/Library/PrivateFrameworks/AssertionServices.framework/Versions/A/AssertionServices
0x00007fff447df000 	/System/Library/PrivateFrameworks/AudioToolboxCore.framework/Versions/A/AudioToolboxCore
0x00007fff638ab000 	/System/Library/PrivateFrameworks/caulk.framework/Versions/A/caulk
0x00007fff44da8000 	/System/Library/PrivateFrameworks/BaseBoard.framework/Versions/A/BaseBoard
0x00007fff5bf0b000 	/System/Library/PrivateFrameworks/RunningBoardServices.framework/Versions/A/RunningBoardServices
0x00007fff58f1f000 	/System/Library/PrivateFrameworks/PersistentConnection.framework/Versions/A/PersistentConnection
0x00007fff5b905000 	/System/Library/PrivateFrameworks/ProtocolBuffer.framework/Versions/A/ProtocolBuffer
0x00007fff46a0b000 	/System/Library/PrivateFrameworks/CommonUtilities.framework/Versions/A/CommonUtilities
0x00007fff44f36000 	/System/Library/PrivateFrameworks/Bom.framework/Versions/A/Bom
0x00007fff666e1000 	/usr/lib/libAudioToolboxUtility.dylib
0x00007fff44d06000 	/System/Library/PrivateFrameworks/Backup.framework/Versions/A/Backup
0x00007fff49ad5000 	/System/Library/PrivateFrameworks/CrashReporterSupport.framework/Versions/A/CrashReporterSupport
0x00007fff5d99c000 	/System/Library/PrivateFrameworks/Sharing.framework/Versions/A/Sharing
0x00007fff4324b000 	/System/Library/PrivateFrameworks/Apple80211.framework/Versions/A/Apple80211
0x00007fff44a23000 	/System/Library/PrivateFrameworks/AuthKit.framework/Versions/A/AuthKit
0x00007fff497e5000 	/System/Library/PrivateFrameworks/CoreUtils.framework/Versions/A/CoreUtils
0x00007fff31c6a000 	/System/Library/Frameworks/CoreWLAN.framework/Versions/A/CoreWLAN
0x00007fff3288c000 	/System/Library/Frameworks/IOBluetooth.framework/Versions/A/IOBluetooth
0x00007fff56ae3000 	/System/Library/PrivateFrameworks/MobileKeyBag.framework/Versions/A/MobileKeyBag
0x00007fff485ea000 	/System/Library/PrivateFrameworks/CorePhoneNumbers.framework/Versions/A/CorePhoneNumbers
0x00007fff4363b000 	/System/Library/PrivateFrameworks/AppleIDAuthSupport.framework/Versions/A/AppleIDAuthSupport
0x00007fff365b8000 	/System/Library/Frameworks/Network.framework/Versions/A/Network
0x00007fff55171000 	/System/Library/PrivateFrameworks/KeychainCircle.framework/Versions/A/KeychainCircle
0x00007fff2f6be000 	/System/Library/Frameworks/CoreBluetooth.framework/Versions/A/CoreBluetooth
0x00007fff5fa19000 	/System/Library/PrivateFrameworks/SpeechRecognitionCore.framework/Versions/A/SpeechRecognitionCore
0x0000000102c00000 	/Library/Java/JavaVirtualMachines/adoptopenjdk-8.jdk/Contents/Home/jre/lib/server/libjvm.dylib
0x0000000102382000 	/Library/Java/JavaVirtualMachines/adoptopenjdk-8.jdk/Contents/Home/jre/lib/libverify.dylib
0x0000000102393000 	/Library/Java/JavaVirtualMachines/adoptopenjdk-8.jdk/Contents/Home/jre/lib/libjava.dylib
0x00000001035db000 	/Library/Java/JavaVirtualMachines/adoptopenjdk-8.jdk/Contents/Home/jre/lib/libjdwp.dylib
0x00000001023c7000 	/Library/Java/JavaVirtualMachines/adoptopenjdk-8.jdk/Contents/Home/jre/lib/libnpt.dylib
0x00000001023d0000 	/Library/Java/JavaVirtualMachines/adoptopenjdk-8.jdk/Contents/Home/jre/lib/libinstrument.dylib
0x0000000103657000 	/Library/Java/JavaVirtualMachines/adoptopenjdk-8.jdk/Contents/Home/jre/lib/libzip.dylib
0x00000001074ea000 	/Library/Java/JavaVirtualMachines/adoptopenjdk-8.jdk/Contents/Home/jre/lib/libdt_socket.dylib
0x0000000107873000 	/Library/Java/JavaVirtualMachines/adoptopenjdk-8.jdk/Contents/Home/jre/lib/libnio.dylib
0x0000000107885000 	/Library/Java/JavaVirtualMachines/adoptopenjdk-8.jdk/Contents/Home/jre/lib/libnet.dylib
0x00000001078b2000 	/Library/Java/JavaVirtualMachines/adoptopenjdk-8.jdk/Contents/Home/jre/lib/libmanagement.dylib
0x00000001090e5000 	/Library/Java/JavaVirtualMachines/adoptopenjdk-8.jdk/Contents/Home/jre/lib/libsunec.dylib

VM Arguments:
jvm_args: -agentlib:jdwp=transport=dt_socket,suspend=y,address=localhost:52583 -Dcom.sun.management.jmxremote -Dcom.sun.management.jmxremote.port=52581 -Dcom.sun.management.jmxremote.authenticate=false -Dcom.sun.management.jmxremote.ssl=false -Djava.rmi.server.hostname=localhost -Dspring.jmx.enabled=true -Dspring.application.admin.enabled=true -Djava.security.egd=file:/dev/./urandom -XX:TieredStopAtLevel=1 -Dspring.boot.project.name=employee -javaagent:/Users/admin/eclipse/jee-2022-03/Eclipse.app/Contents/Eclipse/configuration/org.eclipse.osgi/412/0/.cp/lib/javaagent-shaded.jar -Dfile.encoding=UTF-8 
java_command: com.tech.demo.EmployeeApplication
java_class_path (initial): /Users/admin/eclipse-workspace/employee/target/classes:/Users/admin/.m2/repository/org/springframework/boot/spring-boot-starter-data-jpa/2.7.3/spring-boot-starter-data-jpa-2.7.3.jar:/Users/admin/.m2/repository/org/springframework/boot/spring-boot-starter-aop/2.7.3/spring-boot-starter-aop-2.7.3.jar:/Users/admin/.m2/repository/org/aspectj/aspectjweaver/1.9.7/aspectjweaver-1.9.7.jar:/Users/admin/.m2/repository/org/springframework/boot/spring-boot-starter-jdbc/2.7.3/spring-boot-starter-jdbc-2.7.3.jar:/Users/admin/.m2/repository/com/zaxxer/HikariCP/4.0.3/HikariCP-4.0.3.jar:/Users/admin/.m2/repository/org/springframework/spring-jdbc/5.3.22/spring-jdbc-5.3.22.jar:/Users/admin/.m2/repository/jakarta/transaction/jakarta.transaction-api/1.3.3/jakarta.transaction-api-1.3.3.jar:/Users/admin/.m2/repository/jakarta/persistence/jakarta.persistence-api/2.2.3/jakarta.persistence-api-2.2.3.jar:/Users/admin/.m2/repository/org/hibernate/hibernate-core/5.6.10.Final/hibernate-core-5.6.10.Final.jar:/Users/admin/.m2/repository/org/jboss/logging/jboss-logging/3.4.3.Final/jboss-logging-3.4.3.Final.jar:/Users/admin/.m2/repository/net/bytebuddy/byte-buddy/1.12.13/byte-buddy-1.12.13.jar:/Users/admin/.m2/repository/antlr/antlr/2.7.7/antlr-2.7.7.jar:/Users/admin/.m2/repository/org/jboss/jandex/2.4.2.Final/jandex-2.4.2.Final.jar:/Users/admin/.m2/repository/com/fasterxml/classmate/1.5.1/classmate-1.5.1.jar:/Users/admin/.m2/repository/org/hibernate/common/hibernate-commons-annotations/5.1.2.Final/hibernate-commons-annotations-5.1.2.Final.jar:/Users/admin/.m2/repository/org/glassfish/jaxb/jaxb-runtime/2.3.6/jaxb-runtime-2.3.6.jar:/Users/admin/.m2/repository/org/glassfish/jaxb/txw2/2.3.6/txw2-2.3.6.jar:/Users/admin/.m2/repository/com/sun/istack/istack-commons-runtime/3.0.12/istack-commons-runtime-3.0.12.jar:/Users/admin/.m2/repository/com/sun/activation/jakarta.activation/1.2.2/jakarta.activation-1.2.2.jar:/Users/admin/.m2/repository/org/springframework/data/spring-data-jp
Launcher Type: SUN_STANDARD

Environment Variables:
PATH=/usr/bin:/bin:/usr/sbin:/sbin
SHELL=/bin/zsh

Signal Handlers:
SIGSEGV: [libjvm.dylib+0x595d31], sa_mask[0]=11111111011111110111111111111111, sa_flags=SA_ONSTACK|SA_RESTART|SA_SIGINFO
SIGBUS: [libjvm.dylib+0x595d31], sa_mask[0]=11111111011111110111111111111111, sa_flags=SA_RESTART|SA_SIGINFO
SIGFPE: [libjvm.dylib+0x48a2eb], sa_mask[0]=11111111011111110111111111111111, sa_flags=SA_RESTART|SA_SIGINFO
SIGPIPE: [libjvm.dylib+0x48a2eb], sa_mask[0]=11111111011111110111111111111111, sa_flags=SA_RESTART|SA_SIGINFO
SIGXFSZ: [libjvm.dylib+0x48a2eb], sa_mask[0]=11111111011111110111111111111111, sa_flags=SA_RESTART|SA_SIGINFO
SIGILL: [libjvm.dylib+0x48a2eb], sa_mask[0]=11111111011111110111111111111111, sa_flags=SA_RESTART|SA_SIGINFO
SIGUSR1: SIG_DFL, sa_mask[0]=00000000000000000000000000000000, sa_flags=none
SIGUSR2: [libjvm.dylib+0x48abe2], sa_mask[0]=00100000000000000000000000000000, sa_flags=SA_RESTART|SA_SIGINFO
SIGHUP: [libjvm.dylib+0x488de1], sa_mask[0]=11111111011111110111111111111111, sa_flags=SA_RESTART|SA_SIGINFO
SIGINT: [libjvm.dylib+0x488de1], sa_mask[0]=11111111011111110111111111111111, sa_flags=SA_RESTART|SA_SIGINFO
SIGTERM: [libjvm.dylib+0x488de1], sa_mask[0]=11111111011111110111111111111111, sa_flags=SA_RESTART|SA_SIGINFO
SIGQUIT: [libjvm.dylib+0x488de1], sa_mask[0]=11111111011111110111111111111111, sa_flags=SA_RESTART|SA_SIGINFO


---------------  S Y S T E M  ---------------

OS:Bsduname:Darwin 19.5.0 Darwin Kernel Version 19.5.0: Tue May 26 20:41:44 PDT 2020; root:xnu-6153.121.2~2/RELEASE_X86_64 x86_64
rlimit: STACK 8192k, CORE 0k, NPROC 2784, NOFILE 10240, AS infinity
load average:3.68 3.51 3.27

CPU:total 4 (initial active 4) (2 cores per cpu, 2 threads per core) family 6 model 94 stepping 3, cmov, cx8, fxsr, mmx, sse, sse2, sse3, ssse3, sse4.1, sse4.2, popcnt, avx, avx2, aes, clmul, erms, 3dnowpref, lzcnt, ht, tsc, tscinvbit, bmi1, bmi2, adx

Memory: 4k page, physical 16777216k(96232k free)

/proc/meminfo:


vm_info: OpenJDK 64-Bit Server VM (25.265-b01) for bsd-amd64 JRE (1.8.0_265-b01), built on Jul 28 2020 16:14:07 by "jenkins" with gcc 4.2.1 Compatible Apple LLVM 10.0.1 (clang-1001.0.46.4)

time: Mon Sep 26 15:19:37 2022
timezone: IST
elapsed time: 910 seconds (0d 0h 15m 10s)

